#
# There is insufficient memory for the Java Runtime Environment to continue.
# Native memory allocation (mmap) failed to map 266338304 bytes for G1 virtual space
# Possible reasons:
#   The system is out of physical RAM or swap space
#   The process is running with CompressedOops enabled, and the Java Heap may be blocking the growth of the native heap
# Possible solutions:
#   Reduce memory load on the system
#   Increase physical memory or swap space
#   Check if swap backing store is full
#   Decrease Java heap size (-Xmx/-Xms)
#   Decrease number of Java threads
#   Decrease Java thread stack sizes (-Xss)
#   Set larger code cache with -XX:ReservedCodeCacheSize=
#   JVM is running with Zero Based Compressed Oops mode in which the Java heap is
#     placed in the first 32GB address space. The Java Heap base address is the
#     maximum limit for the native heap growth. Please use -XX:HeapBaseMinAddress
#     to set the Java Heap base and to place the Java Heap above 32GB virtual address.
# This output file may be truncated or incomplete.
#
#  Out of Memory Error (os_windows.cpp:3600), pid=4404, tid=4504
#
# JRE version:  (21.0+35) (build )
# Java VM: Java HotSpot(TM) 64-Bit Server VM (21+35-LTS-2513, mixed mode, sharing, tiered, compressed oops, compressed class ptrs, g1 gc, windows-amd64)
# No core dump will be written. Minidumps are not enabled by default on client versions of Windows
#

---------------  S U M M A R Y ------------

Command Line: 

Host: Intel(R) Core(TM) i5-10500H CPU @ 2.50GHz, 12 cores, 15G,  Windows 11 , 64 bit Build 26100 (10.0.26100.6725)
Time: Mon Dec 15 00:28:24 2025 Egypt Standard Time elapsed time: 0.011040 seconds (0d 0h 0m 0s)

---------------  T H R E A D  ---------------

Current thread (0x000001875834ed30):  JavaThread "Unknown thread" [_thread_in_vm, id=4504, stack(0x0000003982400000,0x0000003982500000) (1024K)]

Stack: [0x0000003982400000,0x0000003982500000]
Native frames: (J=compiled Java code, j=interpreted, Vv=VM code, C=native code)
V  [jvm.dll+0x6c8d39]
V  [jvm.dll+0x854091]
V  [jvm.dll+0x85630e]
V  [jvm.dll+0x8569e3]
V  [jvm.dll+0x2809a6]
V  [jvm.dll+0x6c5425]
V  [jvm.dll+0x6b9e1a]
V  [jvm.dll+0x3555ba]
V  [jvm.dll+0x35d206]
V  [jvm.dll+0x3adf6e]
V  [jvm.dll+0x3ae218]
V  [jvm.dll+0x328fcc]
V  [jvm.dll+0x329b5b]
V  [jvm.dll+0x81c699]
V  [jvm.dll+0x3bb2a1]
V  [jvm.dll+0x805688]
V  [jvm.dll+0x44ed9e]
V  [jvm.dll+0x4506a1]
C  [jli.dll+0x52a3]
C  [ucrtbase.dll+0x37b0]
C  [KERNEL32.DLL+0x2e8d7]
C  [ntdll.dll+0x8c53c]


---------------  P R O C E S S  ---------------

Threads class SMR info:
_java_thread_list=0x00007ffca0917b48, length=0, elements={
}

Java Threads: ( => current thread )
Total: 0

Other Threads:
  0x000001875a7d07b0 WorkerThread "GC Thread#0"                     [id=14944, stack(0x0000003982500000,0x0000003982600000) (1024K)]
  0x000001875a7e2290 ConcurrentGCThread "G1 Main Marker"            [id=20544, stack(0x0000003982600000,0x0000003982700000) (1024K)]
  0x000001875a7e3530 WorkerThread "G1 Conc#0"                       [id=32040, stack(0x0000003982700000,0x0000003982800000) (1024K)]

[error occurred during error reporting (printing all threads), id 0xc0000005, EXCEPTION_ACCESS_VIOLATION (0xc0000005) at pc=0x00007ffca008c097]
VM state: not at safepoint (not fully initialized)

VM Mutex/Monitor currently owned by a thread:  ([mutex/lock_event])
[0x00007ffca0988648] Heap_lock - owner thread: 0x000001875834ed30

Heap address: 0x0000000703800000, size: 4040 MB, Compressed Oops mode: Zero based, Oop shift amount: 3

CDS archive(s) mapped at: [0x0000000000000000-0x0000000000000000-0x0000000000000000), size 0, SharedBaseAddress: 0x0000000800000000, ArchiveRelocationMode: 1.
Narrow klass base: 0x0000000000000000, Narrow klass shift: 0, Narrow klass range: 0x0

GC Precious Log:
 CardTable entry size: 512
 Card Set container configuration: InlinePtr #cards 4 size 8 Array Of Cards #cards 16 size 48 Howl #buckets 8 coarsen threshold 3686 Howl Bitmap #cards 512 size 80 coarsen threshold 460 Card regions per heap region 1 cards per card region 4096

Heap:
 garbage-first heap   total 0K, used 0K [0x0000000703800000, 0x0000000800000000)
  region size 2048K, 0 young (0K), 0 survivors (0K)

[error occurred during error reporting (printing heap information), id 0xc0000005, EXCEPTION_ACCESS_VIOLATION (0xc0000005) at pc=0x00007ffca0471939]
GC Heap History (0 events):
No events

Dll operation events (1 events):
Event: 0.006 Loaded shared library C:\Program Files\Java\jdk-21\bin\java.dll

Deoptimization events (0 events):
No events

Classes loaded (0 events):
No events

Classes unloaded (0 events):
No events

Classes redefined (0 events):
No events

Internal exceptions (0 events):
No events

ZGC Phase Switch (0 events):
No events

VM Operations (0 events):
No events

Events (0 events):
No events


Dynamic libraries:
0x00007ff7cd490000 - 0x00007ff7cd4a0000 	C:\Program Files\Java\jdk-21\bin\java.exe
0x00007ffdba900000 - 0x00007ffdbab68000 	C:\WINDOWS\SYSTEM32\ntdll.dll
0x00007ffdb9770000 - 0x00007ffdb9839000 	C:\WINDOWS\System32\KERNEL32.DLL
0x00007ffdb7a90000 - 0x00007ffdb7e82000 	C:\WINDOWS\System32\KERNELBASE.dll
0x00007ffdb7f40000 - 0x00007ffdb808b000 	C:\WINDOWS\System32\ucrtbase.dll
0x00007ffd716f0000 - 0x00007ffd71709000 	C:\Program Files\Java\jdk-21\bin\jli.dll
0x00007ffd4b3b0000 - 0x00007ffd4b3cb000 	C:\Program Files\Java\jdk-21\bin\VCRUNTIME140.dll
0x00007ffdb93e0000 - 0x00007ffdb9494000 	C:\WINDOWS\System32\ADVAPI32.dll
0x00007ffdba6e0000 - 0x00007ffdba789000 	C:\WINDOWS\System32\msvcrt.dll
0x00007ffdba5b0000 - 0x00007ffdba656000 	C:\WINDOWS\System32\sechost.dll
0x00007ffdb86d0000 - 0x00007ffdb87e8000 	C:\WINDOWS\System32\RPCRT4.dll
0x00007ffdb9890000 - 0x00007ffdb9a55000 	C:\WINDOWS\System32\USER32.dll
0x00007ffdb8610000 - 0x00007ffdb8637000 	C:\WINDOWS\System32\win32u.dll
0x00007ffdb9a60000 - 0x00007ffdb9a8b000 	C:\WINDOWS\System32\GDI32.dll
0x00007ffd859c0000 - 0x00007ffd85c53000 	C:\WINDOWS\WinSxS\amd64_microsoft.windows.common-controls_6595b64144ccf1df_6.0.26100.6899_none_3e0efeeae32e88c1\COMCTL32.dll
0x00007ffdb82b0000 - 0x00007ffdb83dd000 	C:\WINDOWS\System32\gdi32full.dll
0x00007ffdb7e90000 - 0x00007ffdb7f33000 	C:\WINDOWS\System32\msvcp_win.dll
0x00007ffdb0420000 - 0x00007ffdb042b000 	C:\WINDOWS\SYSTEM32\VERSION.dll
0x00007ffdb8de0000 - 0x00007ffdb8e0f000 	C:\WINDOWS\System32\IMM32.DLL
0x00007ffd5a7e0000 - 0x00007ffd5a7ec000 	C:\Program Files\Java\jdk-21\bin\vcruntime140_1.dll
0x00007ffd0b0a0000 - 0x00007ffd0b12e000 	C:\Program Files\Java\jdk-21\bin\msvcp140.dll
0x00007ffc9fd50000 - 0x00007ffca0a63000 	C:\Program Files\Java\jdk-21\bin\server\jvm.dll
0x00007ffdba790000 - 0x00007ffdba804000 	C:\WINDOWS\System32\WS2_32.dll
0x00007ffdb7280000 - 0x00007ffdb72de000 	C:\WINDOWS\SYSTEM32\POWRPROF.dll
0x00007ffdafd30000 - 0x00007ffdafd65000 	C:\WINDOWS\SYSTEM32\WINMM.dll
0x00007ffdb7260000 - 0x00007ffdb7274000 	C:\WINDOWS\SYSTEM32\UMPDC.dll
0x00007ffdb6860000 - 0x00007ffdb687b000 	C:\WINDOWS\SYSTEM32\kernel.appcore.dll
0x00007ffd59840000 - 0x00007ffd5984a000 	C:\Program Files\Java\jdk-21\bin\jimage.dll
0x00007ffdb51e0000 - 0x00007ffdb5422000 	C:\WINDOWS\SYSTEM32\DBGHELP.DLL
0x00007ffdb9030000 - 0x00007ffdb93ab000 	C:\WINDOWS\System32\combase.dll
0x00007ffdba4d0000 - 0x00007ffdba5a7000 	C:\WINDOWS\System32\OLEAUT32.dll
0x00007ffda9890000 - 0x00007ffda98cc000 	C:\WINDOWS\SYSTEM32\dbgcore.DLL
0x00007ffdb8090000 - 0x00007ffdb8128000 	C:\WINDOWS\System32\bcryptPrimitives.dll
0x00007ffd4b340000 - 0x00007ffd4b35f000 	C:\Program Files\Java\jdk-21\bin\java.dll

dbghelp: loaded successfully - version: 4.0.5 - missing functions: none
symbol engine: initialized successfully - sym options: 0x614 - pdb path: .;C:\Program Files\Java\jdk-21\bin;C:\WINDOWS\SYSTEM32;C:\WINDOWS\WinSxS\amd64_microsoft.windows.common-controls_6595b64144ccf1df_6.0.26100.6899_none_3e0efeeae32e88c1;C:\Program Files\Java\jdk-21\bin\server

VM Arguments:
java_command: <unknown>
java_class_path (initial): <not set>
Launcher Type: SUN_STANDARD

[Global flags]
     intx CICompilerCount                          = 4                                         {product} {ergonomic}
     uint ConcGCThreads                            = 3                                         {product} {ergonomic}
     uint G1ConcRefinementThreads                  = 10                                        {product} {ergonomic}
   size_t G1HeapRegionSize                         = 2097152                                   {product} {ergonomic}
    uintx GCDrainStackTargetSize                   = 64                                        {product} {ergonomic}
   size_t InitialHeapSize                          = 266338304                                 {product} {ergonomic}
   size_t MarkStackSize                            = 4194304                                   {product} {ergonomic}
   size_t MaxHeapSize                              = 4236247040                                {product} {ergonomic}
   size_t MinHeapDeltaBytes                        = 2097152                                   {product} {ergonomic}
   size_t MinHeapSize                              = 8388608                                   {product} {ergonomic}
    uintx NonNMethodCodeHeapSize                   = 5839372                                {pd product} {ergonomic}
    uintx NonProfiledCodeHeapSize                  = 122909434                              {pd product} {ergonomic}
    uintx ProfiledCodeHeapSize                     = 122909434                              {pd product} {ergonomic}
    uintx ReservedCodeCacheSize                    = 251658240                              {pd product} {ergonomic}
     bool SegmentedCodeCache                       = true                                      {product} {ergonomic}
   size_t SoftMaxHeapSize                          = 4236247040                             {manageable} {ergonomic}
     bool UseCompressedOops                        = true                           {product lp64_product} {ergonomic}
     bool UseG1GC                                  = true                                      {product} {ergonomic}
     bool UseLargePagesIndividualAllocation        = false                                  {pd product} {ergonomic}

Logging:
Log output configuration:
 #0: stdout all=warning uptime,level,tags foldmultilines=false
 #1: stderr all=off uptime,level,tags foldmultilines=false

Environment Variables:
PATH=C:\Users\20128\miniconda3;C:\Users\20128\miniconda3\Library\mingw-w64\bin;C:\Users\20128\miniconda3\Library\usr\bin;C:\Users\20128\miniconda3\Library\bin;C:\Users\20128\miniconda3\Scripts;C:\Users\20128\miniconda3\bin;C:\Users\20128\miniconda3\condabin;C:\Program Files\Microsoft MPI\Bin;C:\Program Files (x86)\VMware\VMware Player\bin;C:\Oracle\Middleware\Oracle_FRHome1\bin;D:\app\mg\product\11.2.0\dbhome_1\bin;C:\Program Files\Common Files\Oracle\Java\javapath;C:\WINDOWS\system32;C:\WINDOWS;C:\WINDOWS\System32\Wbem;C:\WINDOWS\System32\WindowsPowerShell\v1.0;C:\WINDOWS\System32\OpenSSH;C:\Program Files\Java\jdk-21\bin;C:\Oracle\Middleware\Oracle_FRHome1\opmn\bin;C:\Oracle\Middleware\Oracle_FRHome1\opmn\lib;C:\Oracle\Middleware\Oracle_FRHome1\perl\bin;C:\ProgramData\chocolatey\bin;C:\Users\20128\AppData\Roaming\npm;C:\Program Files\Git\cmd;C:\Program Files\dotnet;C:\Program Files (x86)\Windows Kits\10\Windows Performance Toolkit;C:\ffmpeg\bin;C:\Program Files\nodejs;C:\Program Files\cursor\resources\app\bin;C:\Users\20128\AppData\Local\Programs\Python\Python313\Scripts;C:\Users\20128\AppData\Local\Programs\Python\Python313;C:\Users\20128\AppData\Local\Programs\Python\Python311\Scripts;C:\Users\20128\AppData\Local\Microsoft\WindowsApps;C:\Users\20128\AppData\Local\GitHubDesktop\bin;C:\Users\20128\AppData\Local\Programs\Microsoft VS Code\bin;C:\Program Files\JetBrains\IntelliJ IDEA 2023.2.2\bin;.;C:\Users\20128\.dotnet\tools;C:\Users\20128\AppData\Roaming\Python\Python311\Scripts;C:\Users\20128\AppData\Local\Programs\Python\Python313;C:\Users\20128\AppData\Local\Programs\Python\Python313\Scripts;C:\Users\20128\AppData\Roaming\npm;C:\Users\20128\AppData\Local\Programs\Antigravity\bin;C:\Users\20128\miniconda3;C:\Users\20128\miniconda3\Scripts;C:\Users\20128\miniconda3\Library\bin;.
USERNAME=mg
LD_LIBRARY_PATH=C:\Oracle\Middleware\Oracle_FRHome1\lib
LANG=en_US.UTF-8
OS=Windows_NT
PROCESSOR_IDENTIFIER=Intel64 Family 6 Model 165 Stepping 2, GenuineIntel
TMP=C:\Users\20128\AppData\Local\Temp
TEMP=C:\Users\20128\AppData\Local\Temp




---------------  S Y S T E M  ---------------

OS:
 Windows 11 , 64 bit Build 26100 (10.0.26100.6725)
OS uptime: 10 days 19:41 hours

CPU: total 12 (initial active 12) (6 cores per cpu, 2 threads per core) family 6 model 165 stepping 2 microcode 0x100, cx8, cmov, fxsr, ht, mmx, 3dnowpref, sse, sse2, sse3, ssse3, sse4.1, sse4.2, popcnt, lzcnt, tsc, tscinvbit, avx, avx2, aes, erms, clmul, bmi1, bmi2, adx, fma, vzeroupper, clflush, clflushopt, rdtscp, f16c, pku
Processor Information for all 12 processors :
  Max Mhz: 2496, Current Mhz: 2496, Mhz Limit: 2496

Memory: 4k page, system-wide physical 16159M (1266M free)
TotalPageFile size 25618M (AvailPageFile size 104M)
current process WorkingSet (physical memory assigned to process): 12M, peak: 12M
current process commit charge ("private bytes"): 64M, peak: 318M

vm_info: Java HotSpot(TM) 64-Bit Server VM (21+35-LTS-2513) for windows-amd64 JRE (21+35-LTS-2513), built on 2023-08-09T20:25:10Z by "mach5one" with MS VC++ 17.1 (VS2022)

END.
